polybar|warn:  Systray selection already managed (window=0x0e00005)
polybar|warn:  Termination signal received, shutting down...
polybar|warn:  Termination signal received, shutting down...
polybar|warn:  Systray selection already managed (window=0x0e00005)
polybar|warn:  Systray selection already managed (window=0x0e00005)
polybar|warn:  Systray selection already managed (window=0x2000015)
polybar|warn:  Termination signal received, shutting down...
polybar|warn:  Termination signal received, shutting down...
polybar|warn:  Systray selection already managed (window=0x2000015)
polybar|warn:  Systray selection already managed (window=0x3800014)
polybar|warn:  Termination signal received, shutting down...
polybar|warn:  Termination signal received, shutting down...
polybar|warn:  Systray selection already managed (window=0x1200005)
polybar|warn:  Termination signal received, shutting down...
polybar|warn:  Termination signal received, shutting down...
polybar|warn:  Systray selection already managed (window=0x1600005)
polybar|warn:  No matching input area found (btn=1)
polybar|error: Failed to query _XEMBED_INFO, removing client... (XCB_WINDOW (3))
polybar|warn:  No matching input area found (btn=1)
polybar|warn:  Termination signal received, shutting down...
polybar|warn:  Termination signal received, shutting down...
polybar|warn:  No matching input area found (btn=1)
polybar|warn:  Termination signal received, shutting down...
polybar|warn:  Termination signal received, shutting down...
polybar|warn:  Systray selection already managed (window=0x1400005)
polybar|warn:  Termination signal received, shutting down...
polybar|warn:  Termination signal received, shutting down...
polybar|warn:  Systray selection already managed (window=0x1400005)
polybar|warn:  Systray selection already managed (window=0x1400005)
polybar|warn:  Lost systray selection, deactivating...
polybar|warn:  No matching input area found (btn=3)
polybar|warn:  Termination signal received, shutting down...
polybar|warn:  Termination signal received, shutting down...
polybar|error: Monitor "HDMI1" not found or disconnected
polybar|warn:  Termination signal received, shutting down...
polybar|warn:  Systray selection already managed (window=0x1400005)
polybar|warn:  Systray selection already managed (window=0x1400005)
polybar|warn:  Lost systray selection, deactivating...
polybar|error: Failed to query _XEMBED_INFO, removing client... (XCB_WINDOW (3))
polybar|warn:  No matching input area found (btn=1)
polybar|warn:  No matching input area found (btn=1)
polybar|warn:  Termination signal received, shutting down...
polybar|warn:  Termination signal received, shutting down...
polybar|warn:  Systray selection already managed (window=0x1200005)
polybar|warn:  Termination signal received, shutting down...
polybar|warn:  Termination signal received, shutting down...
polybar|error: Failed to query _XEMBED_INFO, removing client... (XCB_WINDOW (3))
polybar|warn:  Termination signal received, shutting down...
polybar|error: Failed to query _XEMBED_INFO, removing client... (XCB_WINDOW (3))
polybar|warn:  No matching input area found (btn=1)
polybar|warn:  No matching input area found (btn=1)
polybar|warn:  Termination signal received, shutting down...
polybar|warn:  Systray selection already managed (window=0x1400005)
polybar|warn:  No matching input area found (btn=3)
polybar|error: Failed to query _XEMBED_INFO, removing client... (XCB_WINDOW (3))
polybar|warn:  Termination signal received, shutting down...
polybar|warn:  Termination signal received, shutting down...
polybar|warn:  Systray selection already managed (window=0x1200005)
polybar|warn:  Termination signal received, shutting down...
polybar|warn:  Termination signal received, shutting down...
polybar|warn:  No matching input area found (btn=4)
polybar|warn:  Termination signal received, shutting down...
polybar|warn:  Systray selection already managed (window=0x1400005)
polybar|warn:  Tray client 0x0a00486 already embedded, ignoring request...
polybar|warn:  Termination signal received, shutting down...
polybar|warn:  Termination signal received, shutting down...
polybar|error: Failed to query _XEMBED_INFO, removing client... (XCB_WINDOW (3))
polybar|warn:  Termination signal received, shutting down...
polybar|warn:  Systray selection already managed (window=0x2a00005)
polybar|warn:  No matching input area found (btn=3)
polybar|warn:  Termination signal received, shutting down...
polybar|warn:  Termination signal received, shutting down...
polybar|warn:  Systray selection already managed (window=0x1200005)
polybar|warn:  No matching input area found (btn=4)
polybar|warn:  No matching input area found (btn=5)
polybar|error: Failed to query _XEMBED_INFO, removing client... (XCB_WINDOW (3))
polybar|warn:  No matching input area found (btn=1)
polybar|warn:  No matching input area found (btn=1)
polybar|warn:  No matching input area found (btn=1)
polybar|warn:  No matching input area found (btn=1)
polybar|warn:  No matching input area found (btn=1)
polybar|warn:  No matching input area found (btn=1)
polybar|warn:  No matching input area found (btn=1)
polybar|warn:  No matching input area found (btn=1)
polybar|warn:  Termination signal received, shutting down...
polybar|warn:  Termination signal received, shutting down...
polybar|warn:  Systray selection already managed (window=0x1200005)
polybar|warn:  Termination signal received, shutting down...
polybar|warn:  Termination signal received, shutting down...
polybar|warn:  Systray selection already managed (window=0x3c00005)
polybar|warn:  Termination signal received, shutting down...
polybar|warn:  Termination signal received, shutting down...
polybar|error: Unrecognized option -f
polybar|warn:  Termination signal received, shutting down...
polybar|warn:  No monitor specified, using "eDP1"
polybar|warn:  Systray selection already managed (window=0x2a00005)
polybar|warn:  Tray client 0x1000013 already embedded, ignoring request...
polybar|error: Failed to query _XEMBED_INFO, removing client... (XCB_WINDOW (3))
polybar|warn:  No matching input area found (btn=5)
polybar|warn:  No matching input area found (btn=5)
polybar|warn:  Termination signal received, shutting down...
polybar|warn:  Termination signal received, shutting down...
polybar|warn:  No monitor specified, using "eDP1"
polybar|warn:  Lost systray selection, deactivating...
polybar|warn:  No matching input area found (btn=1)
polybar|error: Failed to query _XEMBED_INFO, removing client... (XCB_WINDOW (3))
polybar|warn:  No matching input area found (btn=1)
polybar|warn:  No matching input area found (btn=1)
polybar|warn:  Termination signal received, shutting down...
polybar|warn:  Termination signal received, shutting down...
polybar|error: Unrecognized option -f
polybar|warn:  No monitor specified, using "eDP1"
polybar|warn:  Systray selection already managed (window=0x1200005)
polybar|warn:  No matching input area found (btn=1)
polybar|warn:  Termination signal received, shutting down...
polybar|error: Unrecognized option -f
polybar|warn:  No monitor specified, using "HDMI1"
polybar|warn:  Systray selection already managed (window=0x1600005)
polybar|warn:  Termination signal received, shutting down...
polybar|warn:  Termination signal received, shutting down...
polybar|error: Unrecognized option -f
polybar|warn:  Systray selection already managed (window=0x1400005)
polybar|warn:  Termination signal received, shutting down...
polybar|warn:  Termination signal received, shutting down...
polybar|error: Unrecognized option -f
polybar|warn:  Systray selection already managed (window=0x1400005)
polybar|warn:  Termination signal received, shutting down...
polybar|warn:  Termination signal received, shutting down...
polybar|error: Unrecognized option -f
polybar|error: Disabling tray manager (reason: Invalid position "")
polybar|error: Disabling tray manager (reason: Invalid position "")
polybar|warn:  Termination signal received, shutting down...
polybar|warn:  Termination signal received, shutting down...
polybar|error: Unrecognized option -f
polybar|error: Disabling tray manager (reason: Invalid position "")
polybar|error: Disabling tray manager (reason: Invalid position "")
polybar|warn:  Termination signal received, shutting down...
polybar|warn:  Termination signal received, shutting down...
polybar|error: Unrecognized option -f
polybar|error: Duplicate key name "tray-position" defined on line 190
polybar|error: Duplicate key name "tray-position" defined on line 190
polybar|error: Unrecognized option -f
polybar|error: Duplicate key name "tray-position" defined on line 190
polybar|error: Duplicate key name "tray-position" defined on line 190
polybar|error: Unrecognized option -f
polybar|error: Disabling tray manager (reason: Invalid position "")
polybar|error: Disabling tray manager (reason: Invalid position "")
polybar|warn:  Termination signal received, shutting down...
polybar|warn:  Termination signal received, shutting down...
polybar|error: Unrecognized option -f
polybar|error: Unrecognized option -f
polybar|error: Unrecognized option -f
polybar|error: Unrecognized option -f
Usage: polybar [OPTION]... BAR

  -h, --help               Display this help and exit
  -v, --version            Display build details and exit
  -l, --log=LEVEL          Set the logging verbosity (default: WARNING)
                           LEVEL is one of: error, warning, info, trace
  -q, --quiet              Be quiet (will override -l)
  -c, --config=FILE        Path to the configuration file
  -r, --reload             Reload when the configuration has been modified
  -d, --dump=PARAM         Print value of PARAM in bar section and exit
  -m, --list-monitors      Print list of available monitors and exit
  -w, --print-wmname       Print the generated WM_NAME and exit
  -s, --stdout             Output data to stdout instead of drawing it to the X window
  -p, --png=FILE           Save png snapshot to FILE after running for 3 seconds

Usage: polybar [OPTION]... BAR

  -h, --help               Display this help and exit
  -v, --version            Display build details and exit
  -l, --log=LEVEL          Set the logging verbosity (default: WARNING)
                           LEVEL is one of: error, warning, info, trace
  -q, --quiet              Be quiet (will override -l)
  -c, --config=FILE        Path to the configuration file
  -r, --reload             Reload when the configuration has been modified
  -d, --dump=PARAM         Print value of PARAM in bar section and exit
  -m, --list-monitors      Print list of available monitors and exit
  -w, --print-wmname       Print the generated WM_NAME and exit
  -s, --stdout             Output data to stdout instead of drawing it to the X window
  -p, --png=FILE           Save png snapshot to FILE after running for 3 seconds

polybar|error: Undefined bar: HDMI1
polybar|error: Disabling tray manager (reason: Invalid position "")
polybar|warn:  Termination signal received, shutting down...
